2016-02-06 23:09:53 [::1][-][-][error][yii\web\HttpException:404] exception 'yii\base\InvalidRouteException' with message 'Unable to resolve the request "mail/mail/get-new-message-count-json".' in /Applications/MAMP/htdocs/humhub/protected/vendor/yiisoft/yii2/base/Module.php:461
Stack trace:
#0 /Applications/MAMP/htdocs/humhub/protected/vendor/yiisoft/yii2/web/Application.php(84): yii\base\Module->runAction('mail/mail/get-n...', Array)
#1 /Applications/MAMP/htdocs/humhub/protected/vendor/yiisoft/yii2/base/Application.php(375): yii\web\Application->handleRequest(Object(humhub\components\Request))
#2 /Applications/MAMP/htdocs/humhub/index.php(25): yii\base\Application->run()
#3 {main}

Next exception 'yii\web\NotFoundHttpException' with message 'Page not found.' in /Applications/MAMP/htdocs/humhub/protected/vendor/yiisoft/yii2/web/Application.php:96
Stack trace:
#0 /Applications/MAMP/htdocs/humhub/protected/vendor/yiisoft/yii2/base/Application.php(375): yii\web\Application->handleRequest(Object(humhub\components\Request))
#1 /Applications/MAMP/htdocs/humhub/index.php(25): yii\base\Application->run()
#2 {main}
2016-02-06 23:09:53 [::1][-][-][info][application] $_GET = [
    'r' => 'mail/mail/get-new-message-count-json'
]

$_COOKIE = [
    'pm_space-members-panel' => 'expanded'
    'pm_getting-started-panel' => 'expanded'
    'pm_share-panel' => 'expanded'
    '_ga' => 'GA1.1.277958683.1408455733'
    '_csrf' => '34ac63c1947da34c4956683384f776b686bd08ffb3e6f09b9e65b09583ab3ec5a:2:{i:0;s:5:\"_csrf\";i:1;s:32:\"pXw3_fXDIPt5ENm4JncXCJEj0hThIzkV\";}'
    'PHPSESSID' => '1bc00309e0e6a100cb6d025946c51e99'
    '_identity' => '312a1fea8fab0564bbb1c7645571f56e233918701e6fa90c7311f1d8eb841bc0a:2:{i:0;s:9:\"_identity\";i:1;s:50:\"[1,\"f9c065e3-6caf-4333-b191-fccc177a1401\",2592000]\";}'
]

$_SERVER = [
    'HTTP_HOST' => 'localhost:8888'
    'HTTP_CONNECTION' => 'keep-alive'
    'HTTP_ACCEPT' => 'application/json, text/javascript, */*; q=0.01'
    'HTTP_X_CSRF_TOKEN' => 'dGd6QmY3a3kEPw1xOVEzPT03DncjeQZNPgkZGiV9LhNEDy4qL00ALw=='
    'HTTP_X_REQUESTED_WITH' => 'XMLHttpRequest'
    'HTTP_USER_AGENT' => 'Mozilla/5.0 (Macintosh; Intel Mac OS X 10_11_0) AppleWebKit/537.36 (KHTML, like Gecko) Chrome/48.0.2564.103 Safari/537.36'
    'HTTP_REFERER' => 'http://localhost:8888/humhub/index.php?r=calendar%2Fglobal%2Findex'
    'HTTP_ACCEPT_ENCODING' => 'gzip, deflate, sdch'
    'HTTP_ACCEPT_LANGUAGE' => 'en-US,en;q=0.8'
    'HTTP_COOKIE' => 'pm_space-members-panel=expanded; pm_getting-started-panel=expanded; pm_share-panel=expanded; _ga=GA1.1.277958683.1408455733; _csrf=34ac63c1947da34c4956683384f776b686bd08ffb3e6f09b9e65b09583ab3ec5a%3A2%3A%7Bi%3A0%3Bs%3A5%3A%22_csrf%22%3Bi%3A1%3Bs%3A32%3A%22pXw3_fXDIPt5ENm4JncXCJEj0hThIzkV%22%3B%7D; PHPSESSID=1bc00309e0e6a100cb6d025946c51e99; _identity=312a1fea8fab0564bbb1c7645571f56e233918701e6fa90c7311f1d8eb841bc0a%3A2%3A%7Bi%3A0%3Bs%3A9%3A%22_identity%22%3Bi%3A1%3Bs%3A50%3A%22%5B1%2C%22f9c065e3-6caf-4333-b191-fccc177a1401%22%2C2592000%5D%22%3B%7D'
    'PATH' => '/usr/bin:/bin:/usr/sbin:/sbin'
    'SERVER_SIGNATURE' => ''
    'SERVER_SOFTWARE' => 'Apache/2.2.29 (Unix) mod_wsgi/3.5 Python/2.7.10 PHP/5.6.10 mod_ssl/2.2.29 OpenSSL/0.9.8zg DAV/2 mod_fastcgi/2.4.6 mod_perl/2.0.9 Perl/v5.22.0'
    'SERVER_NAME' => 'localhost'
    'SERVER_ADDR' => '::1'
    'SERVER_PORT' => '8888'
    'REMOTE_ADDR' => '::1'
    'DOCUMENT_ROOT' => '/Applications/MAMP/htdocs'
    'SERVER_ADMIN' => 'you@example.com'
    'SCRIPT_FILENAME' => '/Applications/MAMP/htdocs/humhub/index.php'
    'REMOTE_PORT' => '56734'
    'GATEWAY_INTERFACE' => 'CGI/1.1'
    'SERVER_PROTOCOL' => 'HTTP/1.1'
    'REQUEST_METHOD' => 'GET'
    'QUERY_STRING' => 'r=mail%2Fmail%2Fget-new-message-count-json'
    'REQUEST_URI' => '/humhub/index.php?r=mail%2Fmail%2Fget-new-message-count-json'
    'SCRIPT_NAME' => '/humhub/index.php'
    'PHP_SELF' => '/humhub/index.php'
    'REQUEST_TIME_FLOAT' => 1454796593.75
    'REQUEST_TIME' => 1454796593
    'argv' => [
        0 => 'r=mail%2Fmail%2Fget-new-message-count-json'
    ]
    'argc' => 1
]
2016-02-06 23:09:53 [::1][-][-][warning][yii\log\Dispatcher::dispatch] Unable to send log via yii\log\DbTarget: Exception (Database Exception) 'yii\db\Exception' with message 'SQLSTATE[HY000] [1044] Access denied for user ''@'localhost' to database 'humhub'' 

in /Applications/MAMP/htdocs/humhub/protected/vendor/yiisoft/yii2/db/Connection.php:534

Stack trace:
#0 /Applications/MAMP/htdocs/humhub/protected/vendor/yiisoft/yii2/db/Connection.php(836): yii\db\Connection->open()
#1 /Applications/MAMP/htdocs/humhub/protected/vendor/yiisoft/yii2/db/Connection.php(823): yii\db\Connection->getMasterPdo()
#2 /Applications/MAMP/htdocs/humhub/protected/vendor/yiisoft/yii2/db/Schema.php(477): yii\db\Connection->getSlavePdo()
#3 /Applications/MAMP/htdocs/humhub/protected/vendor/yiisoft/yii2/db/Connection.php(732): yii\db\Schema->quoteValue('yii\\web\\HttpExc...')
#4 /Applications/MAMP/htdocs/humhub/protected/vendor/yiisoft/yii2/db/Command.php(172): yii\db\Connection->quoteValue('yii\\web\\HttpExc...')
#5 /Applications/MAMP/htdocs/humhub/protected/vendor/yiisoft/yii2/db/Command.php(767): yii\db\Command->getRawSql()
#6 /Applications/MAMP/htdocs/humhub/protected/vendor/yiisoft/yii2/log/DbTarget.php(83): yii\db\Command->execute()
#7 /Applications/MAMP/htdocs/humhub/protected/vendor/yiisoft/yii2/log/Target.php(111): yii\log\DbTarget->export()
#8 /Applications/MAMP/htdocs/humhub/protected/vendor/yiisoft/yii2/log/Dispatcher.php(183): yii\log\Target->collect(Array, true)
#9 /Applications/MAMP/htdocs/humhub/protected/vendor/yiisoft/yii2/log/Logger.php(173): yii\log\Dispatcher->dispatch(Array, true)
#10 /Applications/MAMP/htdocs/humhub/protected/vendor/yiisoft/yii2/base/ErrorHandler.php(111): yii\log\Logger->flush(true)
#11 [internal function]: yii\base\ErrorHandler->handleException(Object(yii\web\NotFoundHttpException))
#12 {main}
2016-02-06 23:09:53 [::1][-][-][info][application] $_GET = [
    'r' => 'mail/mail/get-new-message-count-json'
]

$_COOKIE = [
    'pm_space-members-panel' => 'expanded'
    'pm_getting-started-panel' => 'expanded'
    'pm_share-panel' => 'expanded'
    '_ga' => 'GA1.1.277958683.1408455733'
    '_csrf' => '34ac63c1947da34c4956683384f776b686bd08ffb3e6f09b9e65b09583ab3ec5a:2:{i:0;s:5:\"_csrf\";i:1;s:32:\"pXw3_fXDIPt5ENm4JncXCJEj0hThIzkV\";}'
    'PHPSESSID' => '1bc00309e0e6a100cb6d025946c51e99'
    '_identity' => '312a1fea8fab0564bbb1c7645571f56e233918701e6fa90c7311f1d8eb841bc0a:2:{i:0;s:9:\"_identity\";i:1;s:50:\"[1,\"f9c065e3-6caf-4333-b191-fccc177a1401\",2592000]\";}'
]

$_SERVER = [
    'HTTP_HOST' => 'localhost:8888'
    'HTTP_CONNECTION' => 'keep-alive'
    'HTTP_ACCEPT' => 'application/json, text/javascript, */*; q=0.01'
    'HTTP_X_CSRF_TOKEN' => 'dGd6QmY3a3kEPw1xOVEzPT03DncjeQZNPgkZGiV9LhNEDy4qL00ALw=='
    'HTTP_X_REQUESTED_WITH' => 'XMLHttpRequest'
    'HTTP_USER_AGENT' => 'Mozilla/5.0 (Macintosh; Intel Mac OS X 10_11_0) AppleWebKit/537.36 (KHTML, like Gecko) Chrome/48.0.2564.103 Safari/537.36'
    'HTTP_REFERER' => 'http://localhost:8888/humhub/index.php?r=calendar%2Fglobal%2Findex'
    'HTTP_ACCEPT_ENCODING' => 'gzip, deflate, sdch'
    'HTTP_ACCEPT_LANGUAGE' => 'en-US,en;q=0.8'
    'HTTP_COOKIE' => 'pm_space-members-panel=expanded; pm_getting-started-panel=expanded; pm_share-panel=expanded; _ga=GA1.1.277958683.1408455733; _csrf=34ac63c1947da34c4956683384f776b686bd08ffb3e6f09b9e65b09583ab3ec5a%3A2%3A%7Bi%3A0%3Bs%3A5%3A%22_csrf%22%3Bi%3A1%3Bs%3A32%3A%22pXw3_fXDIPt5ENm4JncXCJEj0hThIzkV%22%3B%7D; PHPSESSID=1bc00309e0e6a100cb6d025946c51e99; _identity=312a1fea8fab0564bbb1c7645571f56e233918701e6fa90c7311f1d8eb841bc0a%3A2%3A%7Bi%3A0%3Bs%3A9%3A%22_identity%22%3Bi%3A1%3Bs%3A50%3A%22%5B1%2C%22f9c065e3-6caf-4333-b191-fccc177a1401%22%2C2592000%5D%22%3B%7D'
    'PATH' => '/usr/bin:/bin:/usr/sbin:/sbin'
    'SERVER_SIGNATURE' => ''
    'SERVER_SOFTWARE' => 'Apache/2.2.29 (Unix) mod_wsgi/3.5 Python/2.7.10 PHP/5.6.10 mod_ssl/2.2.29 OpenSSL/0.9.8zg DAV/2 mod_fastcgi/2.4.6 mod_perl/2.0.9 Perl/v5.22.0'
    'SERVER_NAME' => 'localhost'
    'SERVER_ADDR' => '::1'
    'SERVER_PORT' => '8888'
    'REMOTE_ADDR' => '::1'
    'DOCUMENT_ROOT' => '/Applications/MAMP/htdocs'
    'SERVER_ADMIN' => 'you@example.com'
    'SCRIPT_FILENAME' => '/Applications/MAMP/htdocs/humhub/index.php'
    'REMOTE_PORT' => '56734'
    'GATEWAY_INTERFACE' => 'CGI/1.1'
    'SERVER_PROTOCOL' => 'HTTP/1.1'
    'REQUEST_METHOD' => 'GET'
    'QUERY_STRING' => 'r=mail%2Fmail%2Fget-new-message-count-json'
    'REQUEST_URI' => '/humhub/index.php?r=mail%2Fmail%2Fget-new-message-count-json'
    'SCRIPT_NAME' => '/humhub/index.php'
    'PHP_SELF' => '/humhub/index.php'
    'REQUEST_TIME_FLOAT' => 1454796593.75
    'REQUEST_TIME' => 1454796593
    'argv' => [
        0 => 'r=mail%2Fmail%2Fget-new-message-count-json'
    ]
    'argc' => 1
]
2016-02-06 23:39:52 [::1][-][d2a5804a32af10c44db56cf3a13ee7d0][error][Swift_TransportException] exception 'Swift_TransportException' with message 'Expected response code 250 but got code "535", with message "535-5.7.8 Username and Password not accepted. Learn more at
535 5.7.8  https://support.google.com/mail/answer/14257 v78sm5029795wmv.23 - gsmtp
"' in /Applications/MAMP/htdocs/humhub/protected/vendor/swiftmailer/swiftmailer/lib/classes/Swift/Transport/AbstractSmtpTransport.php:383
Stack trace:
#0 /Applications/MAMP/htdocs/humhub/protected/vendor/swiftmailer/swiftmailer/lib/classes/Swift/Transport/AbstractSmtpTransport.php(281): Swift_Transport_AbstractSmtpTransport->_assertResponseCode('535-5.7.8 Usern...', Array)
#1 /Applications/MAMP/htdocs/humhub/protected/vendor/swiftmailer/swiftmailer/lib/classes/Swift/Transport/EsmtpTransport.php(243): Swift_Transport_AbstractSmtpTransport->executeCommand('RSET\r\n', Array, Array)
#2 /Applications/MAMP/htdocs/humhub/protected/vendor/swiftmailer/swiftmailer/lib/classes/Swift/Transport/Esmtp/Auth/XOAuth2Authenticator.php(55): Swift_Transport_EsmtpTransport->executeCommand('RSET\r\n', Array)
#3 /Applications/MAMP/htdocs/humhub/protected/vendor/swiftmailer/swiftmailer/lib/classes/Swift/Transport/Esmtp/AuthHandler.php(176): Swift_Transport_Esmtp_Auth_XOAuth2Authenticator->authenticate(Object(Swift_SmtpTransport), 'mrdavelee2012@g...', 'platinumsun')
#4 /Applications/MAMP/htdocs/humhub/protected/vendor/swiftmailer/swiftmailer/lib/classes/Swift/Transport/EsmtpTransport.php(307): Swift_Transport_Esmtp_AuthHandler->afterEhlo(Object(Swift_SmtpTransport))
#5 /Applications/MAMP/htdocs/humhub/protected/vendor/swiftmailer/swiftmailer/lib/classes/Swift/Transport/AbstractSmtpTransport.php(118): Swift_Transport_EsmtpTransport->_doHeloCommand()
#6 /Applications/MAMP/htdocs/humhub/protected/vendor/swiftmailer/swiftmailer/lib/classes/Swift/Mailer.php(79): Swift_Transport_AbstractSmtpTransport->start()
#7 /Applications/MAMP/htdocs/humhub/protected/vendor/yiisoft/yii2-swiftmailer/Mailer.php(146): Swift_Mailer->send(Object(Swift_Message))
#8 /Applications/MAMP/htdocs/humhub/protected/vendor/yiisoft/yii2/mail/BaseMailer.php(260): yii\swiftmailer\Mailer->sendMessage(Object(yii\swiftmailer\Message))
#9 /Applications/MAMP/htdocs/humhub/protected/vendor/yiisoft/yii2/mail/BaseMessage.php(48): yii\mail\BaseMailer->send(Object(yii\swiftmailer\Message))
#10 /Applications/MAMP/htdocs/humhub/protected/humhub/modules/user/models/forms/AccountRecoverPassword.php(85): yii\mail\BaseMessage->send()
#11 /Applications/MAMP/htdocs/humhub/protected/humhub/modules/user/controllers/AuthController.php(108): humhub\modules\user\models\forms\AccountRecoverPassword->recover()
#12 [internal function]: humhub\modules\user\controllers\AuthController->actionRecoverPassword()
#13 /Applications/MAMP/htdocs/humhub/protected/vendor/yiisoft/yii2/base/InlineAction.php(55): call_user_func_array(Array, Array)
#14 /Applications/MAMP/htdocs/humhub/protected/vendor/yiisoft/yii2/base/Controller.php(151): yii\base\InlineAction->runWithParams(Array)
#15 /Applications/MAMP/htdocs/humhub/protected/vendor/yiisoft/yii2/base/Module.php(455): yii\base\Controller->runAction('recover-passwor...', Array)
#16 /Applications/MAMP/htdocs/humhub/protected/vendor/yiisoft/yii2/web/Application.php(84): yii\base\Module->runAction('user/auth/recov...', Array)
#17 /Applications/MAMP/htdocs/humhub/protected/vendor/yiisoft/yii2/base/Application.php(375): yii\web\Application->handleRequest(Object(humhub\components\Request))
#18 /Applications/MAMP/htdocs/humhub/index.php(25): yii\base\Application->run()
#19 {main}
2016-02-06 23:39:50 [::1][-][d2a5804a32af10c44db56cf3a13ee7d0][info][application] $_GET = [
    'r' => 'user/auth/recover-password'
]

$_POST = [
    '_csrf' => 'WW8yMi1FYTlrJlp9RxMsfQY/Y0VHLhh.bBxlQXU9JGsGMHNnYw8jUQ=='
    'AccountRecoverPassword' => [
        'email' => 'mrdavelee2012@gmail.com'
        'verifyCode' => 'oiyaki'
    ]
]

$_COOKIE = [
    'pm_share-panel' => 'expanded'
    'pm_new-people-panel' => 'expanded'
    'pm_new-spaces-panel' => 'expanded'
    'pm_getting-started-panel' => 'expanded'
    'pm_space-members-panel' => 'expanded'
    'pm_user-statistics-panel' => 'expanded'
    'pm_user-tags-panel' => 'expanded'
    'pm_user-spaces-panel' => 'expanded'
    'G_ENABLED_IDPS' => 'google'
    'language' => '4cce991ce7c7e664287fdb6f720d2a6a63def6686d3cc500d5f368e7413c63a1a:2:{i:0;s:8:\"language\";i:1;s:5:\"en_gb\";}'
    'PHPSESSID' => 'd2a5804a32af10c44db56cf3a13ee7d0'
    '_csrf' => '575d968c422fd356b1e30ba2086ee6be0a3a6dd3e53f06b19da0a56773a28570a:2:{i:0;s:5:\"_csrf\";i:1;s:32:\"2IhOjVMD_PQwjkyG5sWsXxER__AUNJBh\";}'
]

$_SESSION = [
    '__flash' => []
    '__captcha/user/auth/captcha' => 'qopadm'
    '__captcha/user/auth/captchacount' => 1
]

$_SERVER = [
    'HTTP_HOST' => 'localhost:8888'
    'HTTP_USER_AGENT' => 'Mozilla/5.0 (Macintosh; Intel Mac OS X 10.11; rv:43.0) Gecko/20100101 Firefox/43.0'
    'HTTP_ACCEPT' => '*/*'
    'HTTP_ACCEPT_LANGUAGE' => 'en-GB,en-US;q=0.7,en;q=0.3'
    'HTTP_ACCEPT_ENCODING' => 'gzip, deflate'
    'HTTP_X_CSRF_TOKEN' => 'bGNaWW9VcnNeKjIWBQM/NzMzCy4FPgs0WRANKjctNyEzPBsMIR8wGw=='
    'CONTENT_TYPE' => 'application/x-www-form-urlencoded; charset=UTF-8'
    'HTTP_X_REQUESTED_WITH' => 'XMLHttpRequest'
    'HTTP_REFERER' => 'http://localhost:8888/humhub/index.php'
    'CONTENT_LENGTH' => '174'
    'HTTP_COOKIE' => 'pm_share-panel=expanded; pm_new-people-panel=expanded; pm_new-spaces-panel=expanded; pm_getting-started-panel=expanded; pm_space-members-panel=expanded; pm_user-statistics-panel=expanded; pm_user-tags-panel=expanded; pm_user-spaces-panel=expanded; G_ENABLED_IDPS=google; language=4cce991ce7c7e664287fdb6f720d2a6a63def6686d3cc500d5f368e7413c63a1a%3A2%3A%7Bi%3A0%3Bs%3A8%3A%22language%22%3Bi%3A1%3Bs%3A5%3A%22en_gb%22%3B%7D; PHPSESSID=d2a5804a32af10c44db56cf3a13ee7d0; _csrf=575d968c422fd356b1e30ba2086ee6be0a3a6dd3e53f06b19da0a56773a28570a%3A2%3A%7Bi%3A0%3Bs%3A5%3A%22_csrf%22%3Bi%3A1%3Bs%3A32%3A%222IhOjVMD_PQwjkyG5sWsXxER__AUNJBh%22%3B%7D'
    'HTTP_CONNECTION' => 'keep-alive'
    'PATH' => '/usr/bin:/bin:/usr/sbin:/sbin'
    'SERVER_SIGNATURE' => ''
    'SERVER_SOFTWARE' => 'Apache/2.2.29 (Unix) mod_wsgi/3.5 Python/2.7.10 PHP/5.6.10 mod_ssl/2.2.29 OpenSSL/0.9.8zg DAV/2 mod_fastcgi/2.4.6 mod_perl/2.0.9 Perl/v5.22.0'
    'SERVER_NAME' => 'localhost'
    'SERVER_ADDR' => '::1'
    'SERVER_PORT' => '8888'
    'REMOTE_ADDR' => '::1'
    'DOCUMENT_ROOT' => '/Applications/MAMP/htdocs'
    'SERVER_ADMIN' => 'you@example.com'
    'SCRIPT_FILENAME' => '/Applications/MAMP/htdocs/humhub/index.php'
    'REMOTE_PORT' => '57169'
    'GATEWAY_INTERFACE' => 'CGI/1.1'
    'SERVER_PROTOCOL' => 'HTTP/1.1'
    'REQUEST_METHOD' => 'POST'
    'QUERY_STRING' => 'r=user%2Fauth%2Frecover-password'
    'REQUEST_URI' => '/humhub/index.php?r=user%2Fauth%2Frecover-password'
    'SCRIPT_NAME' => '/humhub/index.php'
    'PHP_SELF' => '/humhub/index.php'
    'REQUEST_TIME_FLOAT' => 1454798390.95
    'REQUEST_TIME' => 1454798390
    'argv' => [
        0 => 'r=user%2Fauth%2Frecover-password'
    ]
    'argc' => 1
]
2016-02-06 23:42:35 [::1][-][a27912e2d6ae8ac9284b0c841aa97dcf][error][Swift_TransportException] exception 'Swift_TransportException' with message 'Expected response code 250 but got code "535", with message "535-5.7.8 Username and Password not accepted. Learn more at
535 5.7.8  https://support.google.com/mail/answer/14257 h132sm5083767wmf.9 - gsmtp
"' in /Applications/MAMP/htdocs/humhub/protected/vendor/swiftmailer/swiftmailer/lib/classes/Swift/Transport/AbstractSmtpTransport.php:383
Stack trace:
#0 /Applications/MAMP/htdocs/humhub/protected/vendor/swiftmailer/swiftmailer/lib/classes/Swift/Transport/AbstractSmtpTransport.php(281): Swift_Transport_AbstractSmtpTransport->_assertResponseCode('535-5.7.8 Usern...', Array)
#1 /Applications/MAMP/htdocs/humhub/protected/vendor/swiftmailer/swiftmailer/lib/classes/Swift/Transport/EsmtpTransport.php(243): Swift_Transport_AbstractSmtpTransport->executeCommand('RSET\r\n', Array, Array)
#2 /Applications/MAMP/htdocs/humhub/protected/vendor/swiftmailer/swiftmailer/lib/classes/Swift/Transport/Esmtp/Auth/XOAuth2Authenticator.php(55): Swift_Transport_EsmtpTransport->executeCommand('RSET\r\n', Array)
#3 /Applications/MAMP/htdocs/humhub/protected/vendor/swiftmailer/swiftmailer/lib/classes/Swift/Transport/Esmtp/AuthHandler.php(176): Swift_Transport_Esmtp_Auth_XOAuth2Authenticator->authenticate(Object(Swift_SmtpTransport), 'mrdavelee2012@g...', 'platinumsun')
#4 /Applications/MAMP/htdocs/humhub/protected/vendor/swiftmailer/swiftmailer/lib/classes/Swift/Transport/EsmtpTransport.php(307): Swift_Transport_Esmtp_AuthHandler->afterEhlo(Object(Swift_SmtpTransport))
#5 /Applications/MAMP/htdocs/humhub/protected/vendor/swiftmailer/swiftmailer/lib/classes/Swift/Transport/AbstractSmtpTransport.php(118): Swift_Transport_EsmtpTransport->_doHeloCommand()
#6 /Applications/MAMP/htdocs/humhub/protected/vendor/swiftmailer/swiftmailer/lib/classes/Swift/Mailer.php(79): Swift_Transport_AbstractSmtpTransport->start()
#7 /Applications/MAMP/htdocs/humhub/protected/vendor/yiisoft/yii2-swiftmailer/Mailer.php(146): Swift_Mailer->send(Object(Swift_Message))
#8 /Applications/MAMP/htdocs/humhub/protected/vendor/yiisoft/yii2/mail/BaseMailer.php(260): yii\swiftmailer\Mailer->sendMessage(Object(yii\swiftmailer\Message))
#9 /Applications/MAMP/htdocs/humhub/protected/vendor/yiisoft/yii2/mail/BaseMessage.php(48): yii\mail\BaseMailer->send(Object(yii\swiftmailer\Message))
#10 /Applications/MAMP/htdocs/humhub/protected/humhub/modules/user/models/forms/AccountRecoverPassword.php(85): yii\mail\BaseMessage->send()
#11 /Applications/MAMP/htdocs/humhub/protected/humhub/modules/user/controllers/AuthController.php(108): humhub\modules\user\models\forms\AccountRecoverPassword->recover()
#12 [internal function]: humhub\modules\user\controllers\AuthController->actionRecoverPassword()
#13 /Applications/MAMP/htdocs/humhub/protected/vendor/yiisoft/yii2/base/InlineAction.php(55): call_user_func_array(Array, Array)
#14 /Applications/MAMP/htdocs/humhub/protected/vendor/yiisoft/yii2/base/Controller.php(151): yii\base\InlineAction->runWithParams(Array)
#15 /Applications/MAMP/htdocs/humhub/protected/vendor/yiisoft/yii2/base/Module.php(455): yii\base\Controller->runAction('recover-passwor...', Array)
#16 /Applications/MAMP/htdocs/humhub/protected/vendor/yiisoft/yii2/web/Application.php(84): yii\base\Module->runAction('user/auth/recov...', Array)
#17 /Applications/MAMP/htdocs/humhub/protected/vendor/yiisoft/yii2/base/Application.php(375): yii\web\Application->handleRequest(Object(humhub\components\Request))
#18 /Applications/MAMP/htdocs/humhub/index.php(25): yii\base\Application->run()
#19 {main}
2016-02-06 23:42:34 [::1][-][a27912e2d6ae8ac9284b0c841aa97dcf][info][application] $_GET = [
    'r' => 'user/auth/recover-password'
]

$_POST = [
    '_csrf' => 'N3ktZVNCVXIFMEUqORQYNmgpfBI5KSw1Agp6Fgs6ECBoJmwwHQgXGg=='
    'AccountRecoverPassword' => [
        'email' => 'mrdavelee2012@gmail.com'
        'verifyCode' => 'eofudel'
    ]
]

$_COOKIE = [
    'pm_share-panel' => 'expanded'
    'pm_new-people-panel' => 'expanded'
    'pm_new-spaces-panel' => 'expanded'
    'pm_getting-started-panel' => 'expanded'
    'pm_space-members-panel' => 'expanded'
    'pm_user-statistics-panel' => 'expanded'
    'pm_user-tags-panel' => 'expanded'
    'pm_user-spaces-panel' => 'expanded'
    'G_ENABLED_IDPS' => 'google'
    'language' => '4cce991ce7c7e664287fdb6f720d2a6a63def6686d3cc500d5f368e7413c63a1a:2:{i:0;s:8:\"language\";i:1;s:5:\"en_gb\";}'
    'PHPSESSID' => 'a27912e2d6ae8ac9284b0c841aa97dcf'
    '_csrf' => '575d968c422fd356b1e30ba2086ee6be0a3a6dd3e53f06b19da0a56773a28570a:2:{i:0;s:5:\"_csrf\";i:1;s:32:\"2IhOjVMD_PQwjkyG5sWsXxER__AUNJBh\";}'
]

$_SESSION = [
    '__flash' => []
    '__captcha/user/auth/captcha' => 'duuuji'
    '__captcha/user/auth/captchacount' => 1
]

$_SERVER = [
    'HTTP_HOST' => 'localhost:8888'
    'HTTP_USER_AGENT' => 'Mozilla/5.0 (Macintosh; Intel Mac OS X 10.11; rv:43.0) Gecko/20100101 Firefox/43.0'
    'HTTP_ACCEPT' => '*/*'
    'HTTP_ACCEPT_LANGUAGE' => 'en-GB,en-US;q=0.7,en;q=0.3'
    'HTTP_ACCEPT_ENCODING' => 'gzip, deflate'
    'HTTP_X_CSRF_TOKEN' => 'MjNDN21hYi0Aeit4BzcvaW1jEkAHChtqB0AURDUZJ39tbAJiIysgRQ=='
    'CONTENT_TYPE' => 'application/x-www-form-urlencoded; charset=UTF-8'
    'HTTP_X_REQUESTED_WITH' => 'XMLHttpRequest'
    'HTTP_REFERER' => 'http://localhost:8888/humhub/index.php'
    'CONTENT_LENGTH' => '173'
    'HTTP_COOKIE' => 'pm_share-panel=expanded; pm_new-people-panel=expanded; pm_new-spaces-panel=expanded; pm_getting-started-panel=expanded; pm_space-members-panel=expanded; pm_user-statistics-panel=expanded; pm_user-tags-panel=expanded; pm_user-spaces-panel=expanded; G_ENABLED_IDPS=google; language=4cce991ce7c7e664287fdb6f720d2a6a63def6686d3cc500d5f368e7413c63a1a%3A2%3A%7Bi%3A0%3Bs%3A8%3A%22language%22%3Bi%3A1%3Bs%3A5%3A%22en_gb%22%3B%7D; PHPSESSID=a27912e2d6ae8ac9284b0c841aa97dcf; _csrf=575d968c422fd356b1e30ba2086ee6be0a3a6dd3e53f06b19da0a56773a28570a%3A2%3A%7Bi%3A0%3Bs%3A5%3A%22_csrf%22%3Bi%3A1%3Bs%3A32%3A%222IhOjVMD_PQwjkyG5sWsXxER__AUNJBh%22%3B%7D'
    'HTTP_CONNECTION' => 'keep-alive'
    'PATH' => '/usr/bin:/bin:/usr/sbin:/sbin'
    'SERVER_SIGNATURE' => ''
    'SERVER_SOFTWARE' => 'Apache/2.2.29 (Unix) mod_wsgi/3.5 Python/2.7.10 PHP/5.6.10 mod_ssl/2.2.29 OpenSSL/0.9.8zg DAV/2 mod_fastcgi/2.4.6 mod_perl/2.0.9 Perl/v5.22.0'
    'SERVER_NAME' => 'localhost'
    'SERVER_ADDR' => '::1'
    'SERVER_PORT' => '8888'
    'REMOTE_ADDR' => '::1'
    'DOCUMENT_ROOT' => '/Applications/MAMP/htdocs'
    'SERVER_ADMIN' => 'you@example.com'
    'SCRIPT_FILENAME' => '/Applications/MAMP/htdocs/humhub/index.php'
    'REMOTE_PORT' => '57224'
    'GATEWAY_INTERFACE' => 'CGI/1.1'
    'SERVER_PROTOCOL' => 'HTTP/1.1'
    'REQUEST_METHOD' => 'POST'
    'QUERY_STRING' => 'r=user%2Fauth%2Frecover-password'
    'REQUEST_URI' => '/humhub/index.php?r=user%2Fauth%2Frecover-password'
    'SCRIPT_NAME' => '/humhub/index.php'
    'PHP_SELF' => '/humhub/index.php'
    'REQUEST_TIME_FLOAT' => 1454798554.06
    'REQUEST_TIME' => 1454798554
    'argv' => [
        0 => 'r=user%2Fauth%2Frecover-password'
    ]
    'argc' => 1
]
2016-02-07 12:32:52 [::1][-][1bc00309e0e6a100cb6d025946c51e99][error][yii\web\HttpException:500] exception 'yii\web\HttpException' with message 'HumHub is already installed!' in /Applications/MAMP/htdocs/humhub/protected/humhub/modules/installer/Module.php:59
Stack trace:
#0 /Applications/MAMP/htdocs/humhub/protected/vendor/yiisoft/yii2/base/Controller.php(139): humhub\modules\installer\Module->beforeAction(Object(yii\base\InlineAction))
#1 /Applications/MAMP/htdocs/humhub/protected/vendor/yiisoft/yii2/base/Module.php(455): yii\base\Controller->runAction('', Array)
#2 /Applications/MAMP/htdocs/humhub/protected/vendor/yiisoft/yii2/web/Application.php(84): yii\base\Module->runAction('installer/index', Array)
#3 /Applications/MAMP/htdocs/humhub/protected/vendor/yiisoft/yii2/base/Application.php(375): yii\web\Application->handleRequest(Object(humhub\components\Request))
#4 /Applications/MAMP/htdocs/humhub/index.php(25): yii\base\Application->run()
#5 {main}
2016-02-07 12:32:52 [::1][-][1bc00309e0e6a100cb6d025946c51e99][info][application] $_GET = [
    'r' => 'installer/index'
]

$_COOKIE = [
    'pm_space-members-panel' => 'expanded'
    'pm_getting-started-panel' => 'expanded'
    'pm_share-panel' => 'expanded'
    '_ga' => 'GA1.1.277958683.1408455733'
    'PHPSESSID' => '1bc00309e0e6a100cb6d025946c51e99'
    '_identity' => '312a1fea8fab0564bbb1c7645571f56e233918701e6fa90c7311f1d8eb841bc0a:2:{i:0;s:9:\"_identity\";i:1;s:50:\"[1,\"f9c065e3-6caf-4333-b191-fccc177a1401\",2592000]\";}'
    '_csrf' => '23ac4f9344b8e25883f784289b219d12b23fc206932ed6fd6be9ea96563d932fa:2:{i:0;s:5:\"_csrf\";i:1;s:32:\"yWL6XV0eJ0438MqfY5nSUO3Ta8o7zPC6\";}'
]

$_SESSION = [
    '__flash' => []
]

$_SERVER = [
    'HTTP_HOST' => 'localhost:8888'
    'HTTP_CONNECTION' => 'keep-alive'
    'HTTP_ACCEPT' => 'text/html,application/xhtml+xml,application/xml;q=0.9,image/webp,*/*;q=0.8'
    'HTTP_UPGRADE_INSECURE_REQUESTS' => '1'
    'HTTP_USER_AGENT' => 'Mozilla/5.0 (Macintosh; Intel Mac OS X 10_11_0) AppleWebKit/537.36 (KHTML, like Gecko) Chrome/48.0.2564.103 Safari/537.36'
    'HTTP_REFERER' => 'http://localhost:8888/humhub/index.php?r=calendar%2Fglobal%2Findex'
    'HTTP_ACCEPT_ENCODING' => 'gzip, deflate, sdch'
    'HTTP_ACCEPT_LANGUAGE' => 'en-US,en;q=0.8'
    'HTTP_COOKIE' => 'pm_space-members-panel=expanded; pm_getting-started-panel=expanded; pm_share-panel=expanded; _ga=GA1.1.277958683.1408455733; PHPSESSID=1bc00309e0e6a100cb6d025946c51e99; _identity=312a1fea8fab0564bbb1c7645571f56e233918701e6fa90c7311f1d8eb841bc0a%3A2%3A%7Bi%3A0%3Bs%3A9%3A%22_identity%22%3Bi%3A1%3Bs%3A50%3A%22%5B1%2C%22f9c065e3-6caf-4333-b191-fccc177a1401%22%2C2592000%5D%22%3B%7D; _csrf=23ac4f9344b8e25883f784289b219d12b23fc206932ed6fd6be9ea96563d932fa%3A2%3A%7Bi%3A0%3Bs%3A5%3A%22_csrf%22%3Bi%3A1%3Bs%3A32%3A%22yWL6XV0eJ0438MqfY5nSUO3Ta8o7zPC6%22%3B%7D'
    'PATH' => '/usr/bin:/bin:/usr/sbin:/sbin'
    'SERVER_SIGNATURE' => ''
    'SERVER_SOFTWARE' => 'Apache/2.2.29 (Unix) mod_wsgi/3.5 Python/2.7.10 PHP/5.6.10 mod_ssl/2.2.29 OpenSSL/0.9.8zg DAV/2 mod_fastcgi/2.4.6 mod_perl/2.0.9 Perl/v5.22.0'
    'SERVER_NAME' => 'localhost'
    'SERVER_ADDR' => '::1'
    'SERVER_PORT' => '8888'
    'REMOTE_ADDR' => '::1'
    'DOCUMENT_ROOT' => '/Applications/MAMP/htdocs'
    'SERVER_ADMIN' => 'you@example.com'
    'SCRIPT_FILENAME' => '/Applications/MAMP/htdocs/humhub/index.php'
    'REMOTE_PORT' => '49221'
    'GATEWAY_INTERFACE' => 'CGI/1.1'
    'SERVER_PROTOCOL' => 'HTTP/1.1'
    'REQUEST_METHOD' => 'GET'
    'QUERY_STRING' => 'r=installer%2Findex'
    'REQUEST_URI' => '/humhub/index.php?r=installer%2Findex'
    'SCRIPT_NAME' => '/humhub/index.php'
    'PHP_SELF' => '/humhub/index.php'
    'REQUEST_TIME_FLOAT' => 1454844772.28
    'REQUEST_TIME' => 1454844772
    'argv' => [
        0 => 'r=installer%2Findex'
    ]
    'argc' => 1
]
2016-02-07 12:42:36 [::1][-][1bc00309e0e6a100cb6d025946c51e99][error][yii\web\HttpException:500] exception 'yii\web\HttpException' with message 'HumHub is already installed!' in /Applications/MAMP/htdocs/humhub/protected/humhub/modules/installer/Module.php:59
Stack trace:
#0 /Applications/MAMP/htdocs/humhub/protected/vendor/yiisoft/yii2/base/Controller.php(139): humhub\modules\installer\Module->beforeAction(Object(yii\base\InlineAction))
#1 /Applications/MAMP/htdocs/humhub/protected/vendor/yiisoft/yii2/base/Module.php(455): yii\base\Controller->runAction('', Array)
#2 /Applications/MAMP/htdocs/humhub/protected/vendor/yiisoft/yii2/web/Application.php(84): yii\base\Module->runAction('installer/index', Array)
#3 /Applications/MAMP/htdocs/humhub/protected/vendor/yiisoft/yii2/base/Application.php(375): yii\web\Application->handleRequest(Object(humhub\components\Request))
#4 /Applications/MAMP/htdocs/humhub/index.php(25): yii\base\Application->run()
#5 {main}
2016-02-07 12:42:36 [::1][-][1bc00309e0e6a100cb6d025946c51e99][info][application] $_GET = [
    'r' => 'installer/index'
]

$_COOKIE = [
    'pm_space-members-panel' => 'expanded'
    'pm_getting-started-panel' => 'expanded'
    'pm_share-panel' => 'expanded'
    'pm_new-people-panel' => 'expanded'
    'pm_new-spaces-panel' => 'expanded'
    '_ga' => 'GA1.1.277958683.1408455733'
    'PHPSESSID' => '1bc00309e0e6a100cb6d025946c51e99'
    '_identity' => '312a1fea8fab0564bbb1c7645571f56e233918701e6fa90c7311f1d8eb841bc0a:2:{i:0;s:9:\"_identity\";i:1;s:50:\"[1,\"f9c065e3-6caf-4333-b191-fccc177a1401\",2592000]\";}'
    '_csrf' => 'd587177e4f39057efec116c7b8823b282aa4c94e96561473c211907d1fddeba5a:2:{i:0;s:5:\"_csrf\";i:1;s:32:\"8X4tnt_jUr4smwiMBhXerToVo-nEJeRN\";}'
]

$_SESSION = [
    '__flash' => []
]

$_SERVER = [
    'HTTP_HOST' => 'localhost:8888'
    'HTTP_CONNECTION' => 'keep-alive'
    'HTTP_ACCEPT' => 'text/html,application/xhtml+xml,application/xml;q=0.9,image/webp,*/*;q=0.8'
    'HTTP_UPGRADE_INSECURE_REQUESTS' => '1'
    'HTTP_USER_AGENT' => 'Mozilla/5.0 (Macintosh; Intel Mac OS X 10_11_0) AppleWebKit/537.36 (KHTML, like Gecko) Chrome/48.0.2564.103 Safari/537.36'
    'HTTP_REFERER' => 'http://localhost:8888/humhub/index.php?r=calendar%2Fglobal%2Findex'
    'HTTP_ACCEPT_ENCODING' => 'gzip, deflate, sdch'
    'HTTP_ACCEPT_LANGUAGE' => 'en-US,en;q=0.8'
    'HTTP_COOKIE' => 'pm_space-members-panel=expanded; pm_getting-started-panel=expanded; pm_share-panel=expanded; pm_new-people-panel=expanded; pm_new-spaces-panel=expanded; _ga=GA1.1.277958683.1408455733; PHPSESSID=1bc00309e0e6a100cb6d025946c51e99; _identity=312a1fea8fab0564bbb1c7645571f56e233918701e6fa90c7311f1d8eb841bc0a%3A2%3A%7Bi%3A0%3Bs%3A9%3A%22_identity%22%3Bi%3A1%3Bs%3A50%3A%22%5B1%2C%22f9c065e3-6caf-4333-b191-fccc177a1401%22%2C2592000%5D%22%3B%7D; _csrf=d587177e4f39057efec116c7b8823b282aa4c94e96561473c211907d1fddeba5a%3A2%3A%7Bi%3A0%3Bs%3A5%3A%22_csrf%22%3Bi%3A1%3Bs%3A32%3A%228X4tnt_jUr4smwiMBhXerToVo-nEJeRN%22%3B%7D'
    'PATH' => '/usr/bin:/bin:/usr/sbin:/sbin'
    'SERVER_SIGNATURE' => ''
    'SERVER_SOFTWARE' => 'Apache/2.2.29 (Unix) mod_wsgi/3.5 Python/2.7.10 PHP/5.6.10 mod_ssl/2.2.29 OpenSSL/0.9.8zg DAV/2 mod_fastcgi/2.4.6 mod_perl/2.0.9 Perl/v5.22.0'
    'SERVER_NAME' => 'localhost'
    'SERVER_ADDR' => '::1'
    'SERVER_PORT' => '8888'
    'REMOTE_ADDR' => '::1'
    'DOCUMENT_ROOT' => '/Applications/MAMP/htdocs'
    'SERVER_ADMIN' => 'you@example.com'
    'SCRIPT_FILENAME' => '/Applications/MAMP/htdocs/humhub/index.php'
    'REMOTE_PORT' => '61089'
    'GATEWAY_INTERFACE' => 'CGI/1.1'
    'SERVER_PROTOCOL' => 'HTTP/1.1'
    'REQUEST_METHOD' => 'GET'
    'QUERY_STRING' => 'r=installer%2Findex'
    'REQUEST_URI' => '/humhub/index.php?r=installer%2Findex'
    'SCRIPT_NAME' => '/humhub/index.php'
    'PHP_SELF' => '/humhub/index.php'
    'REQUEST_TIME_FLOAT' => 1454845356.26
    'REQUEST_TIME' => 1454845356
    'argv' => [
        0 => 'r=installer%2Findex'
    ]
    'argc' => 1
]
2016-02-07 12:42:37 [::1][-][1bc00309e0e6a100cb6d025946c51e99][error][yii\base\ErrorException:1] exception 'yii\base\ErrorException' with message 'Call to a member function isModuleEnabled() on null' in /Applications/MAMP/htdocs/humhub/protected/modules/calendar/controllers/GlobalController.php:24
Stack trace:
#0 [internal function]: yii\base\ErrorHandler->handleFatalError()
#1 {main}
2016-02-07 12:42:37 [::1][-][1bc00309e0e6a100cb6d025946c51e99][info][application] $_GET = [
    'r' => 'calendar/global/index'
]

$_COOKIE = [
    'pm_space-members-panel' => 'expanded'
    'pm_getting-started-panel' => 'expanded'
    'pm_share-panel' => 'expanded'
    'pm_new-people-panel' => 'expanded'
    'pm_new-spaces-panel' => 'expanded'
    '_ga' => 'GA1.1.277958683.1408455733'
    'PHPSESSID' => '1bc00309e0e6a100cb6d025946c51e99'
    '_identity' => '312a1fea8fab0564bbb1c7645571f56e233918701e6fa90c7311f1d8eb841bc0a:2:{i:0;s:9:\"_identity\";i:1;s:50:\"[1,\"f9c065e3-6caf-4333-b191-fccc177a1401\",2592000]\";}'
    '_csrf' => 'd587177e4f39057efec116c7b8823b282aa4c94e96561473c211907d1fddeba5a:2:{i:0;s:5:\"_csrf\";i:1;s:32:\"8X4tnt_jUr4smwiMBhXerToVo-nEJeRN\";}'
]

$_SESSION = [
    '__flash' => []
]

$_SERVER = [
    'HTTP_HOST' => 'localhost:8888'
    'HTTP_CONNECTION' => 'keep-alive'
    'HTTP_ACCEPT' => 'text/html,application/xhtml+xml,application/xml;q=0.9,image/webp,*/*;q=0.8'
    'HTTP_UPGRADE_INSECURE_REQUESTS' => '1'
    'HTTP_USER_AGENT' => 'Mozilla/5.0 (Macintosh; Intel Mac OS X 10_11_0) AppleWebKit/537.36 (KHTML, like Gecko) Chrome/48.0.2564.103 Safari/537.36'
    'HTTP_REFERER' => 'http://localhost:8888/humhub/index.php?r=space%2Fspace&sguid=71f97718-d0b9-45bd-883c-116372d9794e'
    'HTTP_ACCEPT_ENCODING' => 'gzip, deflate, sdch'
    'HTTP_ACCEPT_LANGUAGE' => 'en-US,en;q=0.8'
    'HTTP_COOKIE' => 'pm_space-members-panel=expanded; pm_getting-started-panel=expanded; pm_share-panel=expanded; pm_new-people-panel=expanded; pm_new-spaces-panel=expanded; _ga=GA1.1.277958683.1408455733; PHPSESSID=1bc00309e0e6a100cb6d025946c51e99; _identity=312a1fea8fab0564bbb1c7645571f56e233918701e6fa90c7311f1d8eb841bc0a%3A2%3A%7Bi%3A0%3Bs%3A9%3A%22_identity%22%3Bi%3A1%3Bs%3A50%3A%22%5B1%2C%22f9c065e3-6caf-4333-b191-fccc177a1401%22%2C2592000%5D%22%3B%7D; _csrf=d587177e4f39057efec116c7b8823b282aa4c94e96561473c211907d1fddeba5a%3A2%3A%7Bi%3A0%3Bs%3A5%3A%22_csrf%22%3Bi%3A1%3Bs%3A32%3A%228X4tnt_jUr4smwiMBhXerToVo-nEJeRN%22%3B%7D'
    'PATH' => '/usr/bin:/bin:/usr/sbin:/sbin'
    'SERVER_SIGNATURE' => ''
    'SERVER_SOFTWARE' => 'Apache/2.2.29 (Unix) mod_wsgi/3.5 Python/2.7.10 PHP/5.6.10 mod_ssl/2.2.29 OpenSSL/0.9.8zg DAV/2 mod_fastcgi/2.4.6 mod_perl/2.0.9 Perl/v5.22.0'
    'SERVER_NAME' => 'localhost'
    'SERVER_ADDR' => '::1'
    'SERVER_PORT' => '8888'
    'REMOTE_ADDR' => '::1'
    'DOCUMENT_ROOT' => '/Applications/MAMP/htdocs'
    'SERVER_ADMIN' => 'you@example.com'
    'SCRIPT_FILENAME' => '/Applications/MAMP/htdocs/humhub/index.php'
    'REMOTE_PORT' => '61051'
    'GATEWAY_INTERFACE' => 'CGI/1.1'
    'SERVER_PROTOCOL' => 'HTTP/1.1'
    'REQUEST_METHOD' => 'GET'
    'QUERY_STRING' => 'r=calendar%2Fglobal%2Findex'
    'REQUEST_URI' => '/humhub/index.php?r=calendar%2Fglobal%2Findex'
    'SCRIPT_NAME' => '/humhub/index.php'
    'PHP_SELF' => '/humhub/index.php'
    'REQUEST_TIME_FLOAT' => 1454845357.22
    'REQUEST_TIME' => 1454845357
    'argv' => [
        0 => 'r=calendar%2Fglobal%2Findex'
    ]
    'argc' => 1
]
2016-02-07 12:42:38 [::1][-][1bc00309e0e6a100cb6d025946c51e99][error][yii\web\HttpException:404] exception 'yii\web\HttpException' with message 'Space not found!' in /Applications/MAMP/htdocs/humhub/protected/humhub/modules/content/components/ContentContainerController.php:71
Stack trace:
#0 /Applications/MAMP/htdocs/humhub/protected/vendor/yiisoft/yii2/base/Object.php(107): humhub\modules\content\components\ContentContainerController->init()
#1 /Applications/MAMP/htdocs/humhub/protected/vendor/yiisoft/yii2/base/Controller.php(81): yii\base\Object->__construct(Array)
#2 [internal function]: yii\base\Controller->__construct('space', Object(humhub\modules\space\Module), Array)
#3 /Applications/MAMP/htdocs/humhub/protected/vendor/yiisoft/yii2/di/Container.php(366): ReflectionClass->newInstanceArgs(Array)
#4 /Applications/MAMP/htdocs/humhub/protected/vendor/yiisoft/yii2/di/Container.php(151): yii\di\Container->build('humhub\\modules\\...', Array, Array)
#5 /Applications/MAMP/htdocs/humhub/protected/vendor/yiisoft/yii2/BaseYii.php(340): yii\di\Container->get('humhub\\modules\\...', Array)
#6 /Applications/MAMP/htdocs/humhub/protected/vendor/yiisoft/yii2/base/Module.php(568): yii\BaseYii::createObject('humhub\\modules\\...', Array)
#7 /Applications/MAMP/htdocs/humhub/protected/vendor/yiisoft/yii2/base/Module.php(521): yii\base\Module->createControllerByID('space')
#8 /Applications/MAMP/htdocs/humhub/protected/vendor/yiisoft/yii2/base/Module.php(513): yii\base\Module->createController('space')
#9 /Applications/MAMP/htdocs/humhub/protected/vendor/yiisoft/yii2/base/Module.php(449): yii\base\Module->createController('space/space')
#10 /Applications/MAMP/htdocs/humhub/protected/vendor/yiisoft/yii2/web/Application.php(84): yii\base\Module->runAction('space/space', Array)
#11 /Applications/MAMP/htdocs/humhub/protected/vendor/yiisoft/yii2/base/Application.php(375): yii\web\Application->handleRequest(Object(humhub\components\Request))
#12 /Applications/MAMP/htdocs/humhub/index.php(25): yii\base\Application->run()
#13 {main}
2016-02-07 12:42:38 [::1][-][1bc00309e0e6a100cb6d025946c51e99][info][application] $_GET = [
    'r' => 'space/space'
    'sguid' => '71f97718-d0b9-45bd-883c-116372d9794e'
]

$_COOKIE = [
    'pm_space-members-panel' => 'expanded'
    'pm_getting-started-panel' => 'expanded'
    'pm_share-panel' => 'expanded'
    'pm_new-people-panel' => 'expanded'
    'pm_new-spaces-panel' => 'expanded'
    '_ga' => 'GA1.1.277958683.1408455733'
    'PHPSESSID' => '1bc00309e0e6a100cb6d025946c51e99'
    '_identity' => '312a1fea8fab0564bbb1c7645571f56e233918701e6fa90c7311f1d8eb841bc0a:2:{i:0;s:9:\"_identity\";i:1;s:50:\"[1,\"f9c065e3-6caf-4333-b191-fccc177a1401\",2592000]\";}'
    '_csrf' => 'd587177e4f39057efec116c7b8823b282aa4c94e96561473c211907d1fddeba5a:2:{i:0;s:5:\"_csrf\";i:1;s:32:\"8X4tnt_jUr4smwiMBhXerToVo-nEJeRN\";}'
]

$_SESSION = [
    '__flash' => []
]

$_SERVER = [
    'HTTP_HOST' => 'localhost:8888'
    'HTTP_CONNECTION' => 'keep-alive'
    'HTTP_ACCEPT' => 'text/html,application/xhtml+xml,application/xml;q=0.9,image/webp,*/*;q=0.8'
    'HTTP_UPGRADE_INSECURE_REQUESTS' => '1'
    'HTTP_USER_AGENT' => 'Mozilla/5.0 (Macintosh; Intel Mac OS X 10_11_0) AppleWebKit/537.36 (KHTML, like Gecko) Chrome/48.0.2564.103 Safari/537.36'
    'HTTP_REFERER' => 'http://localhost:8888/humhub/index.php'
    'HTTP_ACCEPT_ENCODING' => 'gzip, deflate, sdch'
    'HTTP_ACCEPT_LANGUAGE' => 'en-US,en;q=0.8'
    'HTTP_COOKIE' => 'pm_space-members-panel=expanded; pm_getting-started-panel=expanded; pm_share-panel=expanded; pm_new-people-panel=expanded; pm_new-spaces-panel=expanded; _ga=GA1.1.277958683.1408455733; PHPSESSID=1bc00309e0e6a100cb6d025946c51e99; _identity=312a1fea8fab0564bbb1c7645571f56e233918701e6fa90c7311f1d8eb841bc0a%3A2%3A%7Bi%3A0%3Bs%3A9%3A%22_identity%22%3Bi%3A1%3Bs%3A50%3A%22%5B1%2C%22f9c065e3-6caf-4333-b191-fccc177a1401%22%2C2592000%5D%22%3B%7D; _csrf=d587177e4f39057efec116c7b8823b282aa4c94e96561473c211907d1fddeba5a%3A2%3A%7Bi%3A0%3Bs%3A5%3A%22_csrf%22%3Bi%3A1%3Bs%3A32%3A%228X4tnt_jUr4smwiMBhXerToVo-nEJeRN%22%3B%7D'
    'PATH' => '/usr/bin:/bin:/usr/sbin:/sbin'
    'SERVER_SIGNATURE' => ''
    'SERVER_SOFTWARE' => 'Apache/2.2.29 (Unix) mod_wsgi/3.5 Python/2.7.10 PHP/5.6.10 mod_ssl/2.2.29 OpenSSL/0.9.8zg DAV/2 mod_fastcgi/2.4.6 mod_perl/2.0.9 Perl/v5.22.0'
    'SERVER_NAME' => 'localhost'
    'SERVER_ADDR' => '::1'
    'SERVER_PORT' => '8888'
    'REMOTE_ADDR' => '::1'
    'DOCUMENT_ROOT' => '/Applications/MAMP/htdocs'
    'SERVER_ADMIN' => 'you@example.com'
    'SCRIPT_FILENAME' => '/Applications/MAMP/htdocs/humhub/index.php'
    'REMOTE_PORT' => '61202'
    'GATEWAY_INTERFACE' => 'CGI/1.1'
    'SERVER_PROTOCOL' => 'HTTP/1.1'
    'REQUEST_METHOD' => 'GET'
    'QUERY_STRING' => 'r=space%2Fspace&sguid=71f97718-d0b9-45bd-883c-116372d9794e'
    'REQUEST_URI' => '/humhub/index.php?r=space%2Fspace&sguid=71f97718-d0b9-45bd-883c-116372d9794e'
    'SCRIPT_NAME' => '/humhub/index.php'
    'PHP_SELF' => '/humhub/index.php'
    'REQUEST_TIME_FLOAT' => 1454845358.37
    'REQUEST_TIME' => 1454845358
    'argv' => [
        0 => 'r=space%2Fspace&sguid=71f97718-d0b9-45bd-883c-116372d9794e'
    ]
    'argc' => 1
]
2016-02-07 12:42:40 [::1][-][1bc00309e0e6a100cb6d025946c51e99][error][yii\web\HttpException:404] exception 'yii\web\HttpException' with message 'Space not found!' in /Applications/MAMP/htdocs/humhub/protected/humhub/modules/content/components/ContentContainerController.php:71
Stack trace:
#0 /Applications/MAMP/htdocs/humhub/protected/vendor/yiisoft/yii2/base/Object.php(107): humhub\modules\content\components\ContentContainerController->init()
#1 /Applications/MAMP/htdocs/humhub/protected/vendor/yiisoft/yii2/base/Controller.php(81): yii\base\Object->__construct(Array)
#2 [internal function]: yii\base\Controller->__construct('space', Object(humhub\modules\space\Module), Array)
#3 /Applications/MAMP/htdocs/humhub/protected/vendor/yiisoft/yii2/di/Container.php(366): ReflectionClass->newInstanceArgs(Array)
#4 /Applications/MAMP/htdocs/humhub/protected/vendor/yiisoft/yii2/di/Container.php(151): yii\di\Container->build('humhub\\modules\\...', Array, Array)
#5 /Applications/MAMP/htdocs/humhub/protected/vendor/yiisoft/yii2/BaseYii.php(340): yii\di\Container->get('humhub\\modules\\...', Array)
#6 /Applications/MAMP/htdocs/humhub/protected/vendor/yiisoft/yii2/base/Module.php(568): yii\BaseYii::createObject('humhub\\modules\\...', Array)
#7 /Applications/MAMP/htdocs/humhub/protected/vendor/yiisoft/yii2/base/Module.php(521): yii\base\Module->createControllerByID('space')
#8 /Applications/MAMP/htdocs/humhub/protected/vendor/yiisoft/yii2/base/Module.php(513): yii\base\Module->createController('space')
#9 /Applications/MAMP/htdocs/humhub/protected/vendor/yiisoft/yii2/base/Module.php(449): yii\base\Module->createController('space/space')
#10 /Applications/MAMP/htdocs/humhub/protected/vendor/yiisoft/yii2/web/Application.php(84): yii\base\Module->runAction('space/space', Array)
#11 /Applications/MAMP/htdocs/humhub/protected/vendor/yiisoft/yii2/base/Application.php(375): yii\web\Application->handleRequest(Object(humhub\components\Request))
#12 /Applications/MAMP/htdocs/humhub/index.php(25): yii\base\Application->run()
#13 {main}
2016-02-07 12:42:39 [::1][-][1bc00309e0e6a100cb6d025946c51e99][info][application] $_GET = [
    'r' => 'space/space'
    'sguid' => '71f97718-d0b9-45bd-883c-116372d9794e'
]

$_COOKIE = [
    'pm_space-members-panel' => 'expanded'
    'pm_getting-started-panel' => 'expanded'
    'pm_share-panel' => 'expanded'
    'pm_new-people-panel' => 'expanded'
    'pm_new-spaces-panel' => 'expanded'
    '_ga' => 'GA1.1.277958683.1408455733'
    'PHPSESSID' => '1bc00309e0e6a100cb6d025946c51e99'
    '_identity' => '312a1fea8fab0564bbb1c7645571f56e233918701e6fa90c7311f1d8eb841bc0a:2:{i:0;s:9:\"_identity\";i:1;s:50:\"[1,\"f9c065e3-6caf-4333-b191-fccc177a1401\",2592000]\";}'
    '_csrf' => 'd587177e4f39057efec116c7b8823b282aa4c94e96561473c211907d1fddeba5a:2:{i:0;s:5:\"_csrf\";i:1;s:32:\"8X4tnt_jUr4smwiMBhXerToVo-nEJeRN\";}'
]

$_SESSION = [
    '__flash' => []
]

$_SERVER = [
    'HTTP_HOST' => 'localhost:8888'
    'HTTP_CONNECTION' => 'keep-alive'
    'HTTP_ACCEPT' => 'text/html,application/xhtml+xml,application/xml;q=0.9,image/webp,*/*;q=0.8'
    'HTTP_UPGRADE_INSECURE_REQUESTS' => '1'
    'HTTP_USER_AGENT' => 'Mozilla/5.0 (Macintosh; Intel Mac OS X 10_11_0) AppleWebKit/537.36 (KHTML, like Gecko) Chrome/48.0.2564.103 Safari/537.36'
    'HTTP_ACCEPT_ENCODING' => 'gzip, deflate, sdch'
    'HTTP_ACCEPT_LANGUAGE' => 'en-US,en;q=0.8'
    'HTTP_COOKIE' => 'pm_space-members-panel=expanded; pm_getting-started-panel=expanded; pm_share-panel=expanded; pm_new-people-panel=expanded; pm_new-spaces-panel=expanded; _ga=GA1.1.277958683.1408455733; PHPSESSID=1bc00309e0e6a100cb6d025946c51e99; _identity=312a1fea8fab0564bbb1c7645571f56e233918701e6fa90c7311f1d8eb841bc0a%3A2%3A%7Bi%3A0%3Bs%3A9%3A%22_identity%22%3Bi%3A1%3Bs%3A50%3A%22%5B1%2C%22f9c065e3-6caf-4333-b191-fccc177a1401%22%2C2592000%5D%22%3B%7D; _csrf=d587177e4f39057efec116c7b8823b282aa4c94e96561473c211907d1fddeba5a%3A2%3A%7Bi%3A0%3Bs%3A5%3A%22_csrf%22%3Bi%3A1%3Bs%3A32%3A%228X4tnt_jUr4smwiMBhXerToVo-nEJeRN%22%3B%7D'
    'PATH' => '/usr/bin:/bin:/usr/sbin:/sbin'
    'SERVER_SIGNATURE' => ''
    'SERVER_SOFTWARE' => 'Apache/2.2.29 (Unix) mod_wsgi/3.5 Python/2.7.10 PHP/5.6.10 mod_ssl/2.2.29 OpenSSL/0.9.8zg DAV/2 mod_fastcgi/2.4.6 mod_perl/2.0.9 Perl/v5.22.0'
    'SERVER_NAME' => 'localhost'
    'SERVER_ADDR' => '::1'
    'SERVER_PORT' => '8888'
    'REMOTE_ADDR' => '::1'
    'DOCUMENT_ROOT' => '/Applications/MAMP/htdocs'
    'SERVER_ADMIN' => 'you@example.com'
    'SCRIPT_FILENAME' => '/Applications/MAMP/htdocs/humhub/index.php'
    'REMOTE_PORT' => '61202'
    'GATEWAY_INTERFACE' => 'CGI/1.1'
    'SERVER_PROTOCOL' => 'HTTP/1.1'
    'REQUEST_METHOD' => 'GET'
    'QUERY_STRING' => 'r=space%2Fspace&sguid=71f97718-d0b9-45bd-883c-116372d9794e'
    'REQUEST_URI' => '/humhub/index.php?r=space%2Fspace&sguid=71f97718-d0b9-45bd-883c-116372d9794e'
    'SCRIPT_NAME' => '/humhub/index.php'
    'PHP_SELF' => '/humhub/index.php'
    'REQUEST_TIME_FLOAT' => 1454845359.92
    'REQUEST_TIME' => 1454845359
    'argv' => [
        0 => 'r=space%2Fspace&sguid=71f97718-d0b9-45bd-883c-116372d9794e'
    ]
    'argc' => 1
]
2016-02-07 12:42:50 [::1][-][1bc00309e0e6a100cb6d025946c51e99][error][yii\web\HttpException:404] exception 'yii\web\HttpException' with message 'Space not found!' in /Applications/MAMP/htdocs/humhub/protected/humhub/modules/content/components/ContentContainerController.php:71
Stack trace:
#0 /Applications/MAMP/htdocs/humhub/protected/vendor/yiisoft/yii2/base/Object.php(107): humhub\modules\content\components\ContentContainerController->init()
#1 /Applications/MAMP/htdocs/humhub/protected/vendor/yiisoft/yii2/base/Controller.php(81): yii\base\Object->__construct(Array)
#2 [internal function]: yii\base\Controller->__construct('space', Object(humhub\modules\space\Module), Array)
#3 /Applications/MAMP/htdocs/humhub/protected/vendor/yiisoft/yii2/di/Container.php(366): ReflectionClass->newInstanceArgs(Array)
#4 /Applications/MAMP/htdocs/humhub/protected/vendor/yiisoft/yii2/di/Container.php(151): yii\di\Container->build('humhub\\modules\\...', Array, Array)
#5 /Applications/MAMP/htdocs/humhub/protected/vendor/yiisoft/yii2/BaseYii.php(340): yii\di\Container->get('humhub\\modules\\...', Array)
#6 /Applications/MAMP/htdocs/humhub/protected/vendor/yiisoft/yii2/base/Module.php(568): yii\BaseYii::createObject('humhub\\modules\\...', Array)
#7 /Applications/MAMP/htdocs/humhub/protected/vendor/yiisoft/yii2/base/Module.php(521): yii\base\Module->createControllerByID('space')
#8 /Applications/MAMP/htdocs/humhub/protected/vendor/yiisoft/yii2/base/Module.php(513): yii\base\Module->createController('space')
#9 /Applications/MAMP/htdocs/humhub/protected/vendor/yiisoft/yii2/base/Module.php(449): yii\base\Module->createController('space/space')
#10 /Applications/MAMP/htdocs/humhub/protected/vendor/yiisoft/yii2/web/Application.php(84): yii\base\Module->runAction('space/space', Array)
#11 /Applications/MAMP/htdocs/humhub/protected/vendor/yiisoft/yii2/base/Application.php(375): yii\web\Application->handleRequest(Object(humhub\components\Request))
#12 /Applications/MAMP/htdocs/humhub/index.php(25): yii\base\Application->run()
#13 {main}
2016-02-07 12:42:50 [::1][-][1bc00309e0e6a100cb6d025946c51e99][info][application] $_GET = [
    'r' => 'space/space'
    'sguid' => '71f97718-d0b9-45bd-883c-116372d9794e'
]

$_COOKIE = [
    'pm_space-members-panel' => 'expanded'
    'pm_getting-started-panel' => 'expanded'
    'pm_share-panel' => 'expanded'
    'pm_new-people-panel' => 'expanded'
    'pm_new-spaces-panel' => 'expanded'
    '_ga' => 'GA1.1.277958683.1408455733'
    'PHPSESSID' => '1bc00309e0e6a100cb6d025946c51e99'
    '_identity' => '312a1fea8fab0564bbb1c7645571f56e233918701e6fa90c7311f1d8eb841bc0a:2:{i:0;s:9:\"_identity\";i:1;s:50:\"[1,\"f9c065e3-6caf-4333-b191-fccc177a1401\",2592000]\";}'
    '_csrf' => 'd587177e4f39057efec116c7b8823b282aa4c94e96561473c211907d1fddeba5a:2:{i:0;s:5:\"_csrf\";i:1;s:32:\"8X4tnt_jUr4smwiMBhXerToVo-nEJeRN\";}'
]

$_SESSION = [
    '__flash' => []
]

$_SERVER = [
    'HTTP_HOST' => 'localhost:8888'
    'HTTP_CONNECTION' => 'keep-alive'
    'HTTP_ACCEPT' => 'text/html,application/xhtml+xml,application/xml;q=0.9,image/webp,*/*;q=0.8'
    'HTTP_UPGRADE_INSECURE_REQUESTS' => '1'
    'HTTP_USER_AGENT' => 'Mozilla/5.0 (Macintosh; Intel Mac OS X 10_11_0) AppleWebKit/537.36 (KHTML, like Gecko) Chrome/48.0.2564.103 Safari/537.36'
    'HTTP_ACCEPT_ENCODING' => 'gzip, deflate, sdch'
    'HTTP_ACCEPT_LANGUAGE' => 'en-US,en;q=0.8'
    'HTTP_COOKIE' => 'pm_space-members-panel=expanded; pm_getting-started-panel=expanded; pm_share-panel=expanded; pm_new-people-panel=expanded; pm_new-spaces-panel=expanded; _ga=GA1.1.277958683.1408455733; PHPSESSID=1bc00309e0e6a100cb6d025946c51e99; _identity=312a1fea8fab0564bbb1c7645571f56e233918701e6fa90c7311f1d8eb841bc0a%3A2%3A%7Bi%3A0%3Bs%3A9%3A%22_identity%22%3Bi%3A1%3Bs%3A50%3A%22%5B1%2C%22f9c065e3-6caf-4333-b191-fccc177a1401%22%2C2592000%5D%22%3B%7D; _csrf=d587177e4f39057efec116c7b8823b282aa4c94e96561473c211907d1fddeba5a%3A2%3A%7Bi%3A0%3Bs%3A5%3A%22_csrf%22%3Bi%3A1%3Bs%3A32%3A%228X4tnt_jUr4smwiMBhXerToVo-nEJeRN%22%3B%7D'
    'PATH' => '/usr/bin:/bin:/usr/sbin:/sbin'
    'SERVER_SIGNATURE' => ''
    'SERVER_SOFTWARE' => 'Apache/2.2.29 (Unix) mod_wsgi/3.5 Python/2.7.10 PHP/5.6.10 mod_ssl/2.2.29 OpenSSL/0.9.8zg DAV/2 mod_fastcgi/2.4.6 mod_perl/2.0.9 Perl/v5.22.0'
    'SERVER_NAME' => 'localhost'
    'SERVER_ADDR' => '::1'
    'SERVER_PORT' => '8888'
    'REMOTE_ADDR' => '::1'
    'DOCUMENT_ROOT' => '/Applications/MAMP/htdocs'
    'SERVER_ADMIN' => 'you@example.com'
    'SCRIPT_FILENAME' => '/Applications/MAMP/htdocs/humhub/index.php'
    'REMOTE_PORT' => '61481'
    'GATEWAY_INTERFACE' => 'CGI/1.1'
    'SERVER_PROTOCOL' => 'HTTP/1.1'
    'REQUEST_METHOD' => 'GET'
    'QUERY_STRING' => 'r=space%2Fspace&sguid=71f97718-d0b9-45bd-883c-116372d9794e'
    'REQUEST_URI' => '/humhub/index.php?r=space%2Fspace&sguid=71f97718-d0b9-45bd-883c-116372d9794e'
    'SCRIPT_NAME' => '/humhub/index.php'
    'PHP_SELF' => '/humhub/index.php'
    'REQUEST_TIME_FLOAT' => 1454845370.78
    'REQUEST_TIME' => 1454845370
    'argv' => [
        0 => 'r=space%2Fspace&sguid=71f97718-d0b9-45bd-883c-116372d9794e'
    ]
    'argc' => 1
]
2016-02-07 12:47:12 [::1][-][1bc00309e0e6a100cb6d025946c51e99][error][yii\web\HttpException:404] exception 'yii\web\HttpException' with message 'Space not found!' in /Applications/MAMP/htdocs/humhub/protected/humhub/modules/content/components/ContentContainerController.php:71
Stack trace:
#0 /Applications/MAMP/htdocs/humhub/protected/vendor/yiisoft/yii2/base/Object.php(107): humhub\modules\content\components\ContentContainerController->init()
#1 /Applications/MAMP/htdocs/humhub/protected/vendor/yiisoft/yii2/base/Controller.php(81): yii\base\Object->__construct(Array)
#2 [internal function]: yii\base\Controller->__construct('space', Object(humhub\modules\space\Module), Array)
#3 /Applications/MAMP/htdocs/humhub/protected/vendor/yiisoft/yii2/di/Container.php(366): ReflectionClass->newInstanceArgs(Array)
#4 /Applications/MAMP/htdocs/humhub/protected/vendor/yiisoft/yii2/di/Container.php(151): yii\di\Container->build('humhub\\modules\\...', Array, Array)
#5 /Applications/MAMP/htdocs/humhub/protected/vendor/yiisoft/yii2/BaseYii.php(340): yii\di\Container->get('humhub\\modules\\...', Array)
#6 /Applications/MAMP/htdocs/humhub/protected/vendor/yiisoft/yii2/base/Module.php(568): yii\BaseYii::createObject('humhub\\modules\\...', Array)
#7 /Applications/MAMP/htdocs/humhub/protected/vendor/yiisoft/yii2/base/Module.php(521): yii\base\Module->createControllerByID('space')
#8 /Applications/MAMP/htdocs/humhub/protected/vendor/yiisoft/yii2/base/Module.php(513): yii\base\Module->createController('space')
#9 /Applications/MAMP/htdocs/humhub/protected/vendor/yiisoft/yii2/base/Module.php(449): yii\base\Module->createController('space/space')
#10 /Applications/MAMP/htdocs/humhub/protected/vendor/yiisoft/yii2/web/Application.php(84): yii\base\Module->runAction('space/space', Array)
#11 /Applications/MAMP/htdocs/humhub/protected/vendor/yiisoft/yii2/base/Application.php(375): yii\web\Application->handleRequest(Object(humhub\components\Request))
#12 /Applications/MAMP/htdocs/humhub/index.php(25): yii\base\Application->run()
#13 {main}
2016-02-07 12:47:12 [::1][-][1bc00309e0e6a100cb6d025946c51e99][info][application] $_GET = [
    'r' => 'space/space'
    'sguid' => '71f97718-d0b9-45bd-883c-116372d9794e'
]

$_COOKIE = [
    'pm_space-members-panel' => 'expanded'
    'pm_getting-started-panel' => 'expanded'
    'pm_share-panel' => 'expanded'
    'pm_new-people-panel' => 'expanded'
    'pm_new-spaces-panel' => 'expanded'
    '_ga' => 'GA1.1.277958683.1408455733'
    'PHPSESSID' => '1bc00309e0e6a100cb6d025946c51e99'
    '_identity' => '312a1fea8fab0564bbb1c7645571f56e233918701e6fa90c7311f1d8eb841bc0a:2:{i:0;s:9:\"_identity\";i:1;s:50:\"[1,\"f9c065e3-6caf-4333-b191-fccc177a1401\",2592000]\";}'
    '_csrf' => 'd587177e4f39057efec116c7b8823b282aa4c94e96561473c211907d1fddeba5a:2:{i:0;s:5:\"_csrf\";i:1;s:32:\"8X4tnt_jUr4smwiMBhXerToVo-nEJeRN\";}'
]

$_SESSION = [
    '__flash' => []
]

$_SERVER = [
    'HTTP_HOST' => 'localhost:8888'
    'HTTP_CONNECTION' => 'keep-alive'
    'HTTP_ACCEPT' => 'text/html,application/xhtml+xml,application/xml;q=0.9,image/webp,*/*;q=0.8'
    'HTTP_UPGRADE_INSECURE_REQUESTS' => '1'
    'HTTP_USER_AGENT' => 'Mozilla/5.0 (Macintosh; Intel Mac OS X 10_11_0) AppleWebKit/537.36 (KHTML, like Gecko) Chrome/48.0.2564.103 Safari/537.36'
    'HTTP_ACCEPT_ENCODING' => 'gzip, deflate, sdch'
    'HTTP_ACCEPT_LANGUAGE' => 'en-US,en;q=0.8'
    'HTTP_COOKIE' => 'pm_space-members-panel=expanded; pm_getting-started-panel=expanded; pm_share-panel=expanded; pm_new-people-panel=expanded; pm_new-spaces-panel=expanded; _ga=GA1.1.277958683.1408455733; PHPSESSID=1bc00309e0e6a100cb6d025946c51e99; _identity=312a1fea8fab0564bbb1c7645571f56e233918701e6fa90c7311f1d8eb841bc0a%3A2%3A%7Bi%3A0%3Bs%3A9%3A%22_identity%22%3Bi%3A1%3Bs%3A50%3A%22%5B1%2C%22f9c065e3-6caf-4333-b191-fccc177a1401%22%2C2592000%5D%22%3B%7D; _csrf=d587177e4f39057efec116c7b8823b282aa4c94e96561473c211907d1fddeba5a%3A2%3A%7Bi%3A0%3Bs%3A5%3A%22_csrf%22%3Bi%3A1%3Bs%3A32%3A%228X4tnt_jUr4smwiMBhXerToVo-nEJeRN%22%3B%7D'
    'PATH' => '/usr/bin:/bin:/usr/sbin:/sbin'
    'SERVER_SIGNATURE' => ''
    'SERVER_SOFTWARE' => 'Apache/2.2.29 (Unix) mod_wsgi/3.5 Python/2.7.10 PHP/5.6.10 mod_ssl/2.2.29 OpenSSL/0.9.8zg DAV/2 mod_fastcgi/2.4.6 mod_perl/2.0.9 Perl/v5.22.0'
    'SERVER_NAME' => 'localhost'
    'SERVER_ADDR' => '::1'
    'SERVER_PORT' => '8888'
    'REMOTE_ADDR' => '::1'
    'DOCUMENT_ROOT' => '/Applications/MAMP/htdocs'
    'SERVER_ADMIN' => 'you@example.com'
    'SCRIPT_FILENAME' => '/Applications/MAMP/htdocs/humhub/index.php'
    'REMOTE_PORT' => '50192'
    'GATEWAY_INTERFACE' => 'CGI/1.1'
    'SERVER_PROTOCOL' => 'HTTP/1.1'
    'REQUEST_METHOD' => 'GET'
    'QUERY_STRING' => 'r=space%2Fspace&sguid=71f97718-d0b9-45bd-883c-116372d9794e'
    'REQUEST_URI' => '/humhub/index.php?r=space%2Fspace&sguid=71f97718-d0b9-45bd-883c-116372d9794e'
    'SCRIPT_NAME' => '/humhub/index.php'
    'PHP_SELF' => '/humhub/index.php'
    'REQUEST_TIME_FLOAT' => 1454845632.67
    'REQUEST_TIME' => 1454845632
    'argv' => [
        0 => 'r=space%2Fspace&sguid=71f97718-d0b9-45bd-883c-116372d9794e'
    ]
    'argc' => 1
]
2016-02-12 22:20:22 [::1][1][0eabc15229318c8d0c3cfa4e70c1f172][error][yii\web\HttpException:404] exception 'yii\web\HttpException' with message 'Space not found!' in /Applications/MAMP/htdocs/humhub/protected/humhub/modules/content/components/ContentContainerController.php:71
Stack trace:
#0 /Applications/MAMP/htdocs/humhub/protected/vendor/yiisoft/yii2/base/Object.php(107): humhub\modules\content\components\ContentContainerController->init()
#1 /Applications/MAMP/htdocs/humhub/protected/vendor/yiisoft/yii2/base/Controller.php(81): yii\base\Object->__construct(Array)
#2 [internal function]: yii\base\Controller->__construct('space', Object(humhub\modules\space\Module), Array)
#3 /Applications/MAMP/htdocs/humhub/protected/vendor/yiisoft/yii2/di/Container.php(366): ReflectionClass->newInstanceArgs(Array)
#4 /Applications/MAMP/htdocs/humhub/protected/vendor/yiisoft/yii2/di/Container.php(151): yii\di\Container->build('humhub\\modules\\...', Array, Array)
#5 /Applications/MAMP/htdocs/humhub/protected/vendor/yiisoft/yii2/BaseYii.php(340): yii\di\Container->get('humhub\\modules\\...', Array)
#6 /Applications/MAMP/htdocs/humhub/protected/vendor/yiisoft/yii2/base/Module.php(568): yii\BaseYii::createObject('humhub\\modules\\...', Array)
#7 /Applications/MAMP/htdocs/humhub/protected/vendor/yiisoft/yii2/base/Module.php(521): yii\base\Module->createControllerByID('space')
#8 /Applications/MAMP/htdocs/humhub/protected/vendor/yiisoft/yii2/base/Module.php(513): yii\base\Module->createController('space')
#9 /Applications/MAMP/htdocs/humhub/protected/vendor/yiisoft/yii2/base/Module.php(449): yii\base\Module->createController('space/space')
#10 /Applications/MAMP/htdocs/humhub/protected/vendor/yiisoft/yii2/web/Application.php(84): yii\base\Module->runAction('space/space', Array)
#11 /Applications/MAMP/htdocs/humhub/protected/vendor/yiisoft/yii2/base/Application.php(375): yii\web\Application->handleRequest(Object(humhub\components\Request))
#12 /Applications/MAMP/htdocs/humhub/index.php(25): yii\base\Application->run()
#13 {main}
2016-02-12 22:20:22 [::1][1][0eabc15229318c8d0c3cfa4e70c1f172][info][application] $_GET = [
    'r' => 'space/space'
    'sguid' => '71f97718-d0b9-45bd-883c-116372d9794e'
]

$_COOKIE = [
    'pm_share-panel' => 'expanded'
    'pm_new-people-panel' => 'expanded'
    'pm_new-spaces-panel' => 'expanded'
    'pm_getting-started-panel' => 'expanded'
    'pm_space-members-panel' => 'expanded'
    'pm_user-statistics-panel' => 'expanded'
    'pm_user-tags-panel' => 'expanded'
    'pm_user-spaces-panel' => 'expanded'
    'G_ENABLED_IDPS' => 'google'
    'language' => '4cce991ce7c7e664287fdb6f720d2a6a63def6686d3cc500d5f368e7413c63a1a:2:{i:0;s:8:\"language\";i:1;s:5:\"en_gb\";}'
    '_identity' => '97532237ca0354241d48ea228c0df8d558803bc00fed05e700e5c5e5f98e842ca:2:{i:0;s:9:\"_identity\";i:1;s:50:\"[1,\"ff21f531-aee3-4ba3-8431-a6b406324211\",2592000]\";}'
    'PHPSESSID' => '0eabc15229318c8d0c3cfa4e70c1f172'
    '_csrf' => '1477216276d0a467c1a17a7759a0f7a3a68c11acd79d840c6c54cd753c8579e9a:2:{i:0;s:5:\"_csrf\";i:1;s:32:\"rcHPWnRJU9x9M2L5OAIA8LkXEouJbily\";}'
]

$_SESSION = [
    '__flash' => []
    '__id' => 1
]

$_SERVER = [
    'HTTP_HOST' => 'localhost:8888'
    'HTTP_USER_AGENT' => 'Mozilla/5.0 (Macintosh; Intel Mac OS X 10.11; rv:43.0) Gecko/20100101 Firefox/43.0'
    'HTTP_ACCEPT' => 'text/html,application/xhtml+xml,application/xml;q=0.9,*/*;q=0.8'
    'HTTP_ACCEPT_LANGUAGE' => 'en-GB,en-US;q=0.7,en;q=0.3'
    'HTTP_ACCEPT_ENCODING' => 'gzip, deflate'
    'HTTP_REFERER' => 'http://localhost:8888/humhub/index.php?r=directory%2Fdirectory%2Fmembers'
    'HTTP_COOKIE' => 'pm_share-panel=expanded; pm_new-people-panel=expanded; pm_new-spaces-panel=expanded; pm_getting-started-panel=expanded; pm_space-members-panel=expanded; pm_user-statistics-panel=expanded; pm_user-tags-panel=expanded; pm_user-spaces-panel=expanded; G_ENABLED_IDPS=google; language=4cce991ce7c7e664287fdb6f720d2a6a63def6686d3cc500d5f368e7413c63a1a%3A2%3A%7Bi%3A0%3Bs%3A8%3A%22language%22%3Bi%3A1%3Bs%3A5%3A%22en_gb%22%3B%7D; _identity=97532237ca0354241d48ea228c0df8d558803bc00fed05e700e5c5e5f98e842ca%3A2%3A%7Bi%3A0%3Bs%3A9%3A%22_identity%22%3Bi%3A1%3Bs%3A50%3A%22%5B1%2C%22ff21f531-aee3-4ba3-8431-a6b406324211%22%2C2592000%5D%22%3B%7D; PHPSESSID=0eabc15229318c8d0c3cfa4e70c1f172; _csrf=1477216276d0a467c1a17a7759a0f7a3a68c11acd79d840c6c54cd753c8579e9a%3A2%3A%7Bi%3A0%3Bs%3A5%3A%22_csrf%22%3Bi%3A1%3Bs%3A32%3A%22rcHPWnRJU9x9M2L5OAIA8LkXEouJbily%22%3B%7D'
    'HTTP_CONNECTION' => 'keep-alive'
    'PATH' => '/usr/bin:/bin:/usr/sbin:/sbin'
    'SERVER_SIGNATURE' => ''
    'SERVER_SOFTWARE' => 'Apache/2.2.29 (Unix) mod_wsgi/3.5 Python/2.7.10 PHP/5.6.10 mod_ssl/2.2.29 OpenSSL/0.9.8zg DAV/2 mod_fastcgi/2.4.6 mod_perl/2.0.9 Perl/v5.22.0'
    'SERVER_NAME' => 'localhost'
    'SERVER_ADDR' => '::1'
    'SERVER_PORT' => '8888'
    'REMOTE_ADDR' => '::1'
    'DOCUMENT_ROOT' => '/Applications/MAMP/htdocs'
    'SERVER_ADMIN' => 'you@example.com'
    'SCRIPT_FILENAME' => '/Applications/MAMP/htdocs/humhub/index.php'
    'REMOTE_PORT' => '55029'
    'GATEWAY_INTERFACE' => 'CGI/1.1'
    'SERVER_PROTOCOL' => 'HTTP/1.1'
    'REQUEST_METHOD' => 'GET'
    'QUERY_STRING' => 'r=space%2Fspace&sguid=71f97718-d0b9-45bd-883c-116372d9794e'
    'REQUEST_URI' => '/humhub/index.php?r=space%2Fspace&sguid=71f97718-d0b9-45bd-883c-116372d9794e'
    'SCRIPT_NAME' => '/humhub/index.php'
    'PHP_SELF' => '/humhub/index.php'
    'REQUEST_TIME_FLOAT' => 1455312022.67
    'REQUEST_TIME' => 1455312022
    'argv' => [
        0 => 'r=space%2Fspace&sguid=71f97718-d0b9-45bd-883c-116372d9794e'
    ]
    'argc' => 1
]
